#
# A fatal error has been detected by the Java Runtime Environment:
#
#  EXCEPTION_ACCESS_VIOLATION (0xc0000005) at pc=0x60370b80, pid=5928, tid=5872
#
# JRE version: 7.0_17-b02
# Java VM: Java HotSpot(TM) Client VM (23.7-b01 mixed mode windows-x86 )
# Problematic frame:
# V  [jvm.dll+0x20b80]
#
# Failed to write core dump. Minidumps are not enabled by default on client versions of Windows
#
# If you would like to submit a bug report, please visit:
#   http://bugreport.sun.com/bugreport/crash.jsp
#

---------------  T H R E A D  ---------------

Current thread (0x17b46000):  JavaThread "JDWP Transport Listener: dt_socket" daemon [_thread_in_vm, id=5872, stack(0x17d00000,0x17d50000)]

siginfo: ExceptionCode=0xc0000005, reading address 0x00000008

Registers:
EAX=0x0486b160, EBX=0x0486b160, ECX=0x00000000, EDX=0x00000000
ESP=0x17d4f2f0, EBP=0x17d4f2f4, ESI=0x00000000, EDI=0x17b46000
EIP=0x60370b80, EFLAGS=0x00010246

Top of Stack: (sp=0x17d4f2f0)
0x17d4f2f0:   17b46128 17d4f31c 603f63f3 0486b160
0x17d4f300:   17b46128 73b2e174 73b2e15c 17b46000
0x17d4f310:   00000000 17b46128 17d4f3e0 73b2e99c
0x17d4f320:   73b163b2 17b46128 17ae98bc 00000000
0x17d4f330:   17d4f354 17d4f3e0 18bcf770 17d4f390
0x17d4f340:   17ae98bc 17d4f360 73b1bd12 17d4f360
0x17d4f350:   17d4f394 73b2e890 73ad5004 73b32c68
0x17d4f360:   18969870 0000000b 00640000 00000013 

Instructions: (pc=0x60370b80)
0x60370b60:   8b 0d 48 0d 65 60 85 c9 7e 05 8b 0c 01 eb 02 33
0x60370b70:   c9 8b 15 4c 0d 65 60 85 d2 7e 05 8b 04 02 eb 03
0x60370b80:   8b 46 08 85 c0 75 0f 33 c9 50 51 e8 c0 cb 14 00
0x60370b90:   83 c4 08 5e 5d c3 8d 4c 4e 0c 50 51 e8 af cb 14 


Register to memory mapping:

EAX=
[error occurred during error reporting (printing register info), id 0xc0000005]

Stack: [0x17d00000,0x17d50000],  sp=0x17d4f2f0,  free space=316k
Native frames: (J=compiled Java code, j=interpreted, Vv=VM code, C=native code)
V  [jvm.dll+0x20b80]
V  [jvm.dll+0xa63f3]


---------------  P R O C E S S  ---------------

Java Threads: ( => current thread )
  0x18ba2000 JavaThread "Thread-31" daemon [_thread_in_native, id=2416, stack(0x17d90000,0x17de0000)]
  0x18ba2400 JavaThread "Thread-30" daemon [_thread_in_native, id=5424, stack(0x194c0000,0x19510000)]
  0x18ba1800 JavaThread "Thread-29" [_thread_in_native, id=2488, stack(0x178d0000,0x17920000)]
  0x18ba1400 JavaThread "Java2D Disposer" daemon [_thread_blocked, id=2916, stack(0x195c0000,0x19610000)]
  0x17b9f400 JavaThread "pool-1-thread-1" [_thread_blocked, id=6052, stack(0x18530000,0x18580000)]
  0x17b6a000 JavaThread "Service Thread" daemon [_thread_blocked, id=2300, stack(0x18600000,0x18650000)]
  0x17b5f400 JavaThread "C1 CompilerThread0" daemon [_thread_blocked, id=2644, stack(0x181f0000,0x18240000)]
  0x17b55000 JavaThread "JDWP Command Reader" daemon [_thread_in_native, id=4272, stack(0x18490000,0x184e0000)]
  0x17b4f000 JavaThread "JDWP Event Helper Thread" daemon [_thread_blocked, id=2280, stack(0x183b0000,0x18400000)]
=>0x17b46000 JavaThread "JDWP Transport Listener: dt_socket" daemon [_thread_in_vm, id=5872, stack(0x17d00000,0x17d50000)]
  0x17b3f000 JavaThread "Attach Listener" daemon [_thread_blocked, id=3576, stack(0x17ec0000,0x17f10000)]
  0x17b3bc00 JavaThread "Signal Dispatcher" daemon [_thread_blocked, id=4384, stack(0x17e40000,0x17e90000)]
  0x17ae3800 JavaThread "Finalizer" daemon [_thread_blocked, id=5896, stack(0x17930000,0x17980000)]
  0x017fe400 JavaThread "Reference Handler" daemon [_thread_blocked, id=4952, stack(0x179f0000,0x17a40000)]
  0x015fc000 JavaThread "main" [_thread_blocked, id=744, stack(0x01600000,0x01650000)]

Other Threads:
  0x017f8c00 VMThread [stack: 0x17a90000,0x17ae0000] [id=2084]
  0x17b6b800 WatcherThread [stack: 0x185b0000,0x18600000] [id=5184]

VM state:not at safepoint (normal execution)

VM Mutex/Monitor currently owned by a thread: None

Heap
 def new generation   total 19264K, used 17440K [0x03800000, 0x04ce0000, 0x08d50000)
  eden space 17152K,  98% used [0x03800000, 0x04871438, 0x048c0000)
  from space 2112K,  28% used [0x048c0000, 0x04956e90, 0x04ad0000)
  to   space 2112K,   0% used [0x04ad0000, 0x04ad0000, 0x04ce0000)
 tenured generation   total 42644K, used 30754K [0x08d50000, 0x0b6f5000, 0x13800000)
   the space 42644K,  72% used [0x08d50000, 0x0ab58bd8, 0x0ab58c00, 0x0b6f5000)
 compacting perm gen  total 12288K, used 11552K [0x13800000, 0x14400000, 0x17800000)
   the space 12288K,  94% used [0x13800000, 0x143480c0, 0x14348200, 0x14400000)
No shared spaces configured.

Card table byte_map: [0x17800000,0x178b0000] byte_map_base: 0x177e4000

Polling page: 0x010a0000

Code Cache  [0x01800000, 0x01ac8000, 0x03800000)
 total_blobs=1732 nmethods=1541 adapters=133 free_code_cache=29945Kb largest_free_block=30662848

Compilation events (10 events):
Event: 342.047 Thread 0x17b5f400 1548             java.util.ArrayList::addAll (54 bytes)
Event: 342.047 Thread 0x17b5f400 nmethod 1548 0x01ac11c8 code [0x01ac12f0, 0x01ac1514]
Event: 350.734 Thread 0x17b5f400 1549             org.apache.poi.poifs.storage.BlockListImpl::setBAT (23 bytes)
Event: 350.734 Thread 0x17b5f400 nmethod 1549 0x01ac1648 code [0x01ac1750, 0x01ac185c]
Event: 365.829 Thread 0x17b5f400 1550             org.apache.http.impl.conn.tsccm.BasicPooledConnAdapter::getPoolEntry (5 bytes)
Event: 365.830 Thread 0x17b5f400 nmethod 1550 0x01ac1908 code [0x01ac1a00, 0x01ac1a80]
Event: 366.708 Thread 0x17b5f400 1551             org.apache.http.message.ParserCursor::getUpperBound (5 bytes)
Event: 366.708 Thread 0x17b5f400 nmethod 1551 0x01ac1ac8 code [0x01ac1bc0, 0x01ac1c40]
Event: 376.763 Thread 0x17b5f400 1552             org.apache.poi.poifs.property.RootProperty::setSize (9 bytes)
Event: 376.764 Thread 0x17b5f400 nmethod 1552 0x01ac1c88 code [0x01ac1d90, 0x01ac1e4c]

GC Heap History (10 events):
Event: 183.500 GC heap before
{Heap before GC invocations=134 (full 47):
 def new generation   total 19264K, used 17774K [0x03800000, 0x04ce0000, 0x08d50000)
  eden space 17152K, 100% used [0x03800000, 0x048c0000, 0x048c0000)
  from space 2112K,  29% used [0x04ad0000, 0x04b6bba0, 0x04ce0000)
  to   space 2112K,   0% used [0x048c0000, 0x048c0000, 0x04ad0000)
 tenured generation   total 42644K, used 30754K [0x08d50000, 0x0b6f5000, 0x13800000)
   the space 42644K,  72% used [0x08d50000, 0x0ab58bd8, 0x0ab58c00, 0x0b6f5000)
 compacting perm gen  total 12288K, used 11483K [0x13800000, 0x14400000, 0x17800000)
   the space 12288K,  93% used [0x13800000, 0x14336cb0, 0x14336e00, 0x14400000)
No shared spaces configured.
Event: 183.504 GC heap after
Heap after GC invocations=135 (full 47):
 def new generation   total 19264K, used 505K [0x03800000, 0x04ce0000, 0x08d50000)
  eden space 17152K,   0% used [0x03800000, 0x03800000, 0x048c0000)
  from space 2112K,  23% used [0x048c0000, 0x0493e400, 0x04ad0000)
  to   space 2112K,   0% used [0x04ad0000, 0x04ad0000, 0x04ce0000)
 tenured generation   total 42644K, used 30754K [0x08d50000, 0x0b6f5000, 0x13800000)
   the space 42644K,  72% used [0x08d50000, 0x0ab58bd8, 0x0ab58c00, 0x0b6f5000)
 compacting perm gen  total 12288K, used 11483K [0x13800000, 0x14400000, 0x17800000)
   the space 12288K,  93% used [0x13800000, 0x14336cb0, 0x14336e00, 0x14400000)
No shared spaces configured.
}
Event: 200.578 GC heap before
{Heap before GC invocations=135 (full 47):
 def new generation   total 19264K, used 17657K [0x03800000, 0x04ce0000, 0x08d50000)
  eden space 17152K, 100% used [0x03800000, 0x048c0000, 0x048c0000)
  from space 2112K,  23% used [0x048c0000, 0x0493e400, 0x04ad0000)
  to   space 2112K,   0% used [0x04ad0000, 0x04ad0000, 0x04ce0000)
 tenured generation   total 42644K, used 30754K [0x08d50000, 0x0b6f5000, 0x13800000)
   the space 42644K,  72% used [0x08d50000, 0x0ab58bd8, 0x0ab58c00, 0x0b6f5000)
 compacting perm gen  total 12288K, used 11483K [0x13800000, 0x14400000, 0x17800000)
   the space 12288K,  93% used [0x13800000, 0x14336cd0, 0x14336e00, 0x14400000)
No shared spaces configured.
Event: 200.580 GC heap after
Heap after GC invocations=136 (full 47):
 def new generation   total 19264K, used 532K [0x03800000, 0x04ce0000, 0x08d50000)
  eden space 17152K,   0% used [0x03800000, 0x03800000, 0x048c0000)
  from space 2112K,  25% used [0x04ad0000, 0x04b55118, 0x04ce0000)
  to   space 2112K,   0% used [0x048c0000, 0x048c0000, 0x04ad0000)
 tenured generation   total 42644K, used 30754K [0x08d50000, 0x0b6f5000, 0x13800000)
   the space 42644K,  72% used [0x08d50000, 0x0ab58bd8, 0x0ab58c00, 0x0b6f5000)
 compacting perm gen  total 12288K, used 11483K [0x13800000, 0x14400000, 0x17800000)
   the space 12288K,  93% used [0x13800000, 0x14336cd0, 0x14336e00, 0x14400000)
No shared spaces configured.
}
Event: 225.690 GC heap before
{Heap before GC invocations=136 (full 47):
 def new generation   total 19264K, used 17684K [0x03800000, 0x04ce0000, 0x08d50000)
  eden space 17152K, 100% used [0x03800000, 0x048c0000, 0x048c0000)
  from space 2112K,  25% used [0x04ad0000, 0x04b55118, 0x04ce0000)
  to   space 2112K,   0% used [0x048c0000, 0x048c0000, 0x04ad0000)
 tenured generation   total 42644K, used 30754K [0x08d50000, 0x0b6f5000, 0x13800000)
   the space 42644K,  72% used [0x08d50000, 0x0ab58bd8, 0x0ab58c00, 0x0b6f5000)
 compacting perm gen  total 12288K, used 11483K [0x13800000, 0x14400000, 0x17800000)
   the space 12288K,  93% used [0x13800000, 0x14336ce0, 0x14336e00, 0x14400000)
No shared spaces configured.
Event: 225.693 GC heap after
Heap after GC invocations=137 (full 47):
 def new generation   total 19264K, used 545K [0x03800000, 0x04ce0000, 0x08d50000)
  eden space 17152K,   0% used [0x03800000, 0x03800000, 0x048c0000)
  from space 2112K,  25% used [0x048c0000, 0x04948678, 0x04ad0000)
  to   space 2112K,   0% used [0x04ad0000, 0x04ad0000, 0x04ce0000)
 tenured generation   total 42644K, used 30754K [0x08d50000, 0x0b6f5000, 0x13800000)
   the space 42644K,  72% used [0x08d50000, 0x0ab58bd8, 0x0ab58c00, 0x0b6f5000)
 compacting perm gen  total 12288K, used 11483K [0x13800000, 0x14400000, 0x17800000)
   the space 12288K,  93% used [0x13800000, 0x14336ce0, 0x14336e00, 0x14400000)
No shared spaces configured.
}
Event: 235.037 GC heap before
{Heap before GC invocations=137 (full 47):
 def new generation   total 19264K, used 17697K [0x03800000, 0x04ce0000, 0x08d50000)
  eden space 17152K, 100% used [0x03800000, 0x048c0000, 0x048c0000)
  from space 2112K,  25% used [0x048c0000, 0x04948678, 0x04ad0000)
  to   space 2112K,   0% used [0x04ad0000, 0x04ad0000, 0x04ce0000)
 tenured generation   total 42644K, used 30754K [0x08d50000, 0x0b6f5000, 0x13800000)
   the space 42644K,  72% used [0x08d50000, 0x0ab58bd8, 0x0ab58c00, 0x0b6f5000)
 compacting perm gen  total 12288K, used 11485K [0x13800000, 0x14400000, 0x17800000)
   the space 12288K,  93% used [0x13800000, 0x14337430, 0x14337600, 0x14400000)
No shared spaces configured.
Event: 235.039 GC heap after
Heap after GC invocations=138 (full 47):
 def new generation   total 19264K, used 565K [0x03800000, 0x04ce0000, 0x08d50000)
  eden space 17152K,   0% used [0x03800000, 0x03800000, 0x048c0000)
  from space 2112K,  26% used [0x04ad0000, 0x04b5d498, 0x04ce0000)
  to   space 2112K,   0% used [0x048c0000, 0x048c0000, 0x04ad0000)
 tenured generation   total 42644K, used 30754K [0x08d50000, 0x0b6f5000, 0x13800000)
   the space 42644K,  72% used [0x08d50000, 0x0ab58bd8, 0x0ab58c00, 0x0b6f5000)
 compacting perm gen  total 12288K, used 11485K [0x13800000, 0x14400000, 0x17800000)
   the space 12288K,  93% used [0x13800000, 0x14337430, 0x14337600, 0x14400000)
No shared spaces configured.
}
Event: 327.524 GC heap before
{Heap before GC invocations=138 (full 47):
 def new generation   total 19264K, used 17717K [0x03800000, 0x04ce0000, 0x08d50000)
  eden space 17152K, 100% used [0x03800000, 0x048c0000, 0x048c0000)
  from space 2112K,  26% used [0x04ad0000, 0x04b5d498, 0x04ce0000)
  to   space 2112K,   0% used [0x048c0000, 0x048c0000, 0x04ad0000)
 tenured generation   total 42644K, used 30754K [0x08d50000, 0x0b6f5000, 0x13800000)
   the space 42644K,  72% used [0x08d50000, 0x0ab58bd8, 0x0ab58c00, 0x0b6f5000)
 compacting perm gen  total 12288K, used 11550K [0x13800000, 0x14400000, 0x17800000)
   the space 12288K,  93% used [0x13800000, 0x14347990, 0x14347a00, 0x14400000)
No shared spaces configured.
Event: 327.527 GC heap after
Heap after GC invocations=139 (full 47):
 def new generation   total 19264K, used 603K [0x03800000, 0x04ce0000, 0x08d50000)
  eden space 17152K,   0% used [0x03800000, 0x03800000, 0x048c0000)
  from space 2112K,  28% used [0x048c0000, 0x04956e90, 0x04ad0000)
  to   space 2112K,   0% used [0x04ad0000, 0x04ad0000, 0x04ce0000)
 tenured generation   total 42644K, used 30754K [0x08d50000, 0x0b6f5000, 0x13800000)
   the space 42644K,  72% used [0x08d50000, 0x0ab58bd8, 0x0ab58c00, 0x0b6f5000)
 compacting perm gen  total 12288K, used 11550K [0x13800000, 0x14400000, 0x17800000)
   the space 12288K,  93% used [0x13800000, 0x14347990, 0x14347a00, 0x14400000)
No shared spaces configured.
}

Deoptimization events (0 events):
No events

Internal exceptions (10 events):
Event: 178.188 Thread 0x17b9f400 Threw 0x04820688 at C:\jdk7u2_32P\jdk7u17\hotspot\src\share\vm\prims\jvm.cpp:1166
Event: 288.685 Thread 0x17b9f400 Threw 0x03c8b658 at C:\jdk7u2_32P\jdk7u17\hotspot\src\share\vm\prims\jvm.cpp:1166
Event: 288.686 Thread 0x17b9f400 Threw 0x03c93698 at C:\jdk7u2_32P\jdk7u17\hotspot\src\share\vm\prims\jvm.cpp:1166
Event: 288.686 Thread 0x17b9f400 Threw 0x03c9d5b0 at C:\jdk7u2_32P\jdk7u17\hotspot\src\share\vm\prims\jvm.cpp:1166
Event: 288.687 Thread 0x17b9f400 Threw 0x03ca2290 at C:\jdk7u2_32P\jdk7u17\hotspot\src\share\vm\prims\jvm.cpp:1166
Event: 288.687 Thread 0x17b9f400 Threw 0x03ca6128 at C:\jdk7u2_32P\jdk7u17\hotspot\src\share\vm\prims\jvm.cpp:1166
Event: 288.687 Thread 0x17b9f400 Threw 0x03ca9fc0 at C:\jdk7u2_32P\jdk7u17\hotspot\src\share\vm\prims\jvm.cpp:1166
Event: 288.688 Thread 0x17b9f400 Threw 0x03cadea0 at C:\jdk7u2_32P\jdk7u17\hotspot\src\share\vm\prims\jvm.cpp:1166
Event: 288.688 Thread 0x17b9f400 Threw 0x03cb1ef8 at C:\jdk7u2_32P\jdk7u17\hotspot\src\share\vm\prims\jvm.cpp:1166
Event: 288.703 Thread 0x17b9f400 Threw 0x03cba848 at C:\jdk7u2_32P\jdk7u17\hotspot\src\share\vm\prims\jvm.cpp:1166

Events (10 events):
Event: 417.689 Executing nested VM operation: Deoptimize done
Event: 417.689 Executing VM operation: EnterInterpOnlyMode done
Event: 417.689 Executing VM operation: GetCurrentLocation
Event: 417.689 Executing VM operation: GetCurrentLocation done
Event: 417.689 Executing VM operation: ChangeSingleStep
Event: 417.689 Executing VM operation: ChangeSingleStep done
Event: 417.689 Executing VM operation: ChangeSingleStep
Event: 417.689 Executing VM operation: ChangeSingleStep done
Event: 417.828 Executing VM operation: GetOrSetLocal
Event: 417.828 Executing VM operation: GetOrSetLocal done


Dynamic libraries:
0x00350000 - 0x0037f000 	C:\Program Files\Java\jdk1.7.0_17\bin\javaw.exe
0x77970000 - 0x77aac000 	C:\Windows\SYSTEM32\ntdll.dll
0x76570000 - 0x76644000 	C:\Windows\system32\kernel32.dll
0x75d70000 - 0x75dbb000 	C:\Windows\system32\KERNELBASE.dll
0x75dc0000 - 0x75e60000 	C:\Windows\system32\ADVAPI32.dll
0x76230000 - 0x762dc000 	C:\Windows\system32\msvcrt.dll
0x77b80000 - 0x77b99000 	C:\Windows\SYSTEM32\sechost.dll
0x776f0000 - 0x77791000 	C:\Windows\system32\RPCRT4.dll
0x76110000 - 0x761d9000 	C:\Windows\system32\USER32.dll
0x75e60000 - 0x75eae000 	C:\Windows\system32\GDI32.dll
0x76220000 - 0x7622a000 	C:\Windows\system32\LPK.dll
0x774b0000 - 0x7754d000 	C:\Windows\system32\USP10.dll
0x74ad0000 - 0x74c6e000 	C:\Windows\WinSxS\x86_microsoft.windows.common-controls_6595b64144ccf1df_6.0.7600.16661_none_420fe3fa2b8113bd\COMCTL32.dll
0x760b0000 - 0x76107000 	C:\Windows\system32\SHLWAPI.dll
0x77ad0000 - 0x77aef000 	C:\Windows\system32\IMM32.DLL
0x777a0000 - 0x7786c000 	C:\Windows\system32\MSCTF.dll
0x75a70000 - 0x75abf000 	C:\PROGRA~1\BMCSOF~1\BBCA\Tuner\lib\mrbhook.dll
0x739f0000 - 0x73aae000 	C:\Program Files\Java\jdk1.7.0_17\jre\bin\msvcr100.dll
0x60350000 - 0x6069c000 	C:\Program Files\Java\jdk1.7.0_17\jre\bin\client\jvm.dll
0x738c0000 - 0x738c7000 	C:\Windows\system32\WSOCK32.dll
0x761e0000 - 0x76215000 	C:\Windows\system32\WS2_32.dll
0x77ab0000 - 0x77ab6000 	C:\Windows\system32\NSI.dll
0x73fb0000 - 0x73fe2000 	C:\Windows\system32\WINMM.dll
0x77ac0000 - 0x77ac5000 	C:\Windows\system32\PSAPI.DLL
0x73b60000 - 0x73b6c000 	C:\Program Files\Java\jdk1.7.0_17\jre\bin\verify.dll
0x73b40000 - 0x73b60000 	C:\Program Files\Java\jdk1.7.0_17\jre\bin\java.dll
0x73b10000 - 0x73b3a000 	C:\Program Files\Java\jdk1.7.0_17\jre\bin\jdwp.dll
0x73b00000 - 0x73b07000 	C:\Program Files\Java\jdk1.7.0_17\jre\bin\npt.dll
0x73ae0000 - 0x73af3000 	C:\Program Files\Java\jdk1.7.0_17\jre\bin\zip.dll
0x73ad0000 - 0x73ad8000 	C:\Program Files\Java\jdk1.7.0_17\jre\bin\dt_socket.dll
0x73e30000 - 0x73e40000 	C:\Windows\system32\NLAapi.dll
0x754b0000 - 0x754ec000 	C:\Windows\System32\mswsock.dll
0x75370000 - 0x753b4000 	C:\Windows\system32\DNSAPI.dll
0x72db0000 - 0x72db8000 	C:\Windows\System32\winrnr.dll
0x72d80000 - 0x72d90000 	C:\Windows\system32\napinsp.dll
0x72d60000 - 0x72d72000 	C:\Windows\system32\pnrpnsp.dll
0x73810000 - 0x7382c000 	C:\Windows\system32\IPHLPAPI.DLL
0x73800000 - 0x73807000 	C:\Windows\system32\WINNSI.DLL
0x730d0000 - 0x73108000 	C:\Windows\System32\fwpuclnt.dll
0x72d50000 - 0x72d56000 	C:\Windows\system32\rasadhlp.dll
0x74ff0000 - 0x74ff5000 	C:\Windows\System32\wshtcpip.dll
0x73ab0000 - 0x73ac4000 	C:\Program Files\Java\jdk1.7.0_17\jre\bin\net.dll
0x754a0000 - 0x754a6000 	C:\Windows\System32\wship6.dll
0x739e0000 - 0x739ee000 	C:\Program Files\Java\jdk1.7.0_17\jre\bin\nio.dll
0x66450000 - 0x66592000 	C:\Program Files\Java\jdk1.7.0_17\jre\bin\awt.dll
0x764d0000 - 0x7655f000 	C:\Windows\system32\OLEAUT32.dll
0x762e0000 - 0x7643c000 	C:\Windows\system32\ole32.dll
0x730b0000 - 0x730bd000 	C:\Windows\system32\dhcpcsvc6.DLL
0x73020000 - 0x73032000 	C:\Windows\system32\dhcpcsvc.DLL
0x754f0000 - 0x75506000 	C:\Windows\system32\CRYPTSP.dll
0x75290000 - 0x752cb000 	C:\Windows\system32\rsaenh.dll
0x750c0000 - 0x750d7000 	C:\Windows\system32\USERENV.dll
0x75ac0000 - 0x75acb000 	C:\Windows\system32\profapi.dll
0x75970000 - 0x7597c000 	C:\Windows\system32\CRYPTBASE.dll
0x759b0000 - 0x759fb000 	C:\Windows\system32\apphelp.dll
0x73c20000 - 0x73c40000 	C:\Program Files\Java\jdk1.7.0_17\jre\bin\sunec.dll
0x73c10000 - 0x73c19000 	C:\Program Files\Java\jdk1.7.0_17\jre\bin\sunmscapi.dll
0x75b70000 - 0x75c8c000 	C:\Windows\system32\CRYPT32.dll
0x75b30000 - 0x75b3c000 	C:\Windows\system32\MSASN1.dll
0x73be0000 - 0x73c0a000 	C:\Program Files\Java\jdk1.7.0_17\jre\bin\fontmanager.dll
0x739a0000 - 0x739d1000 	C:\Program Files\Java\jdk1.7.0_17\jre\bin\t2k.dll
0x73320000 - 0x7340b000 	C:\Windows\system32\dbghelp.dll

VM Arguments:
jvm_args: -agentlib:jdwp=transport=dt_socket,suspend=y,address=localhost:55534 -Dfile.encoding=Cp1252 
java_command: allocator.Allocator
Launcher Type: SUN_STANDARD

Environment Variables:
PATH=C:\Program Files\Java\jdk1.7.0_17\jre\bin;C:/Program Files/Java/jre7/bin/client;C:/Program Files/Java/jre7/bin;C:/Program Files/Java/jre7/lib/i386;C:\Windows\system32;C:\Windows;C:\Windows\System32\Wbem;C:\Windows\System32\WindowsPowerShell\v1.0\;C:\Eclipse\eclipse;
USERNAME=343719
OS=Windows_NT
PROCESSOR_IDENTIFIER=x86 Family 6 Model 23 Stepping 10, GenuineIntel



---------------  S Y S T E M  ---------------

OS: Windows 7 Build 7600 

CPU:total 2 (2 cores per cpu, 1 threads per core) family 6 model 23 stepping 10, cmov, cx8, fxsr, mmx, sse, sse2, sse3, ssse3, sse4.1, tsc

Memory: 4k page, physical 3110136k(1426388k free), swap 6218508k(4488476k free)

vm_info: Java HotSpot(TM) Client VM (23.7-b01) for windows-x86 JRE (1.7.0_17-b02), built on Mar  1 2013 05:04:36 by "java_re" with unknown MS VC++:1600

time: Fri Apr 26 16:46:42 2013
elapsed time: 417 seconds

